<?xml version="1.0" encoding="UTF-8"?>
<coverage generated="1778930649613" clover="3.2.0">
  <project timestamp="1778930649613" name="All files">
    <metrics statements="243" coveredstatements="148" conditionals="110" coveredconditionals="57" methods="76" coveredmethods="34" elements="429" coveredelements="239" complexity="0" loc="243" ncloc="243" packages="6" files="10" classes="10"/>
    <package name="api">
      <metrics statements="88" coveredstatements="51" conditionals="36" coveredconditionals="21" methods="25" coveredmethods="14"/>
      <file name="axios.ts" path="C:\Users\귀영\Desktop\ReactProject\LogOfReview\src\api\axios.ts">
        <metrics statements="16" coveredstatements="10" conditionals="8" coveredconditionals="4" methods="5" coveredmethods="3"/>
        <line num="7" count="2" type="stmt"/>
        <line num="9" count="2" type="cond" truecount="1" falsecount="1"/>
        <line num="11" count="0" type="stmt"/>
        <line num="14" count="2" type="cond" truecount="2" falsecount="0"/>
        <line num="18" count="2" type="stmt"/>
        <line num="27" count="2" type="stmt"/>
        <line num="30" count="13" type="stmt"/>
        <line num="33" count="13" type="cond" truecount="1" falsecount="1"/>
        <line num="34" count="0" type="stmt"/>
        <line num="37" count="13" type="stmt"/>
        <line num="41" count="0" type="stmt"/>
        <line num="46" count="2" type="stmt"/>
        <line num="49" count="13" type="stmt"/>
        <line num="53" count="0" type="cond" truecount="0" falsecount="2"/>
        <line num="54" count="0" type="stmt"/>
        <line num="58" count="0" type="stmt"/>
      </file>
      <file name="dataSource.ts" path="C:\Users\귀영\Desktop\ReactProject\LogOfReview\src\api\dataSource.ts">
        <metrics statements="15" coveredstatements="6" conditionals="6" coveredconditionals="1" methods="3" coveredmethods="1"/>
        <line num="6" count="2" type="stmt"/>
        <line num="7" count="13" type="cond" truecount="1" falsecount="1"/>
        <line num="8" count="0" type="stmt"/>
        <line num="9" count="0" type="stmt"/>
        <line num="11" count="13" type="stmt"/>
        <line num="12" count="13" type="stmt"/>
        <line num="16" count="2" type="stmt"/>
        <line num="17" count="0" type="cond" truecount="0" falsecount="2"/>
        <line num="18" count="0" type="stmt"/>
        <line num="19" count="0" type="stmt"/>
        <line num="21" count="0" type="stmt"/>
        <line num="22" count="0" type="stmt"/>
        <line num="26" count="2" type="stmt"/>
        <line num="27" count="0" type="cond" truecount="0" falsecount="2"/>
        <line num="28" count="0" type="stmt"/>
      </file>
      <file name="reviews.ts" path="C:\Users\귀영\Desktop\ReactProject\LogOfReview\src\api\reviews.ts">
        <metrics statements="57" coveredstatements="35" conditionals="22" coveredconditionals="16" methods="17" coveredmethods="10"/>
        <line num="13" count="2" type="stmt"/>
        <line num="14" count="13" type="stmt"/>
        <line num="16" count="13" type="cond" truecount="4" falsecount="1"/>
        <line num="18" count="9" type="stmt"/>
        <line num="19" count="13" type="stmt"/>
        <line num="20" count="13" type="stmt"/>
        <line num="21" count="13" type="stmt"/>
        <line num="24" count="2" type="stmt"/>
        <line num="25" count="5" type="stmt"/>
        <line num="26" count="5" type="stmt"/>
        <line num="27" count="5" type="stmt"/>
        <line num="30" count="3" type="stmt"/>
        <line num="32" count="4" type="stmt"/>
        <line num="34" count="0" type="stmt"/>
        <line num="39" count="2" type="stmt"/>
        <line num="40" count="7" type="stmt"/>
        <line num="41" count="7" type="cond" truecount="2" falsecount="0"/>
        <line num="45" count="2" type="stmt"/>
        <line num="49" count="0" type="stmt"/>
        <line num="50" count="0" type="stmt"/>
        <line num="51" count="0" type="cond" truecount="0" falsecount="2"/>
        <line num="56" count="2" type="stmt"/>
        <line num="61" count="7" type="cond" truecount="2" falsecount="0"/>
        <line num="62" count="1" type="cond" truecount="1" falsecount="1"/>
        <line num="67" count="6" type="stmt"/>
        <line num="68" count="6" type="stmt"/>
        <line num="70" count="6" type="cond" truecount="2" falsecount="0"/>
        <line num="71" count="3" type="stmt"/>
        <line num="74" count="6" type="stmt"/>
        <line num="75" count="15" type="stmt"/>
        <line num="76" count="15" type="stmt"/>
        <line num="77" count="15" type="stmt"/>
        <line num="78" count="14" type="stmt"/>
        <line num="80" count="15" type="cond" truecount="3" falsecount="0"/>
        <line num="83" count="6" type="cond" truecount="2" falsecount="0"/>
        <line num="87" count="2" type="stmt"/>
        <line num="88" count="0" type="stmt"/>
        <line num="90" count="0" type="stmt"/>
        <line num="91" count="0" type="cond" truecount="0" falsecount="2"/>
        <line num="92" count="0" type="stmt"/>
        <line num="94" count="0" type="stmt"/>
        <line num="98" count="2" type="stmt"/>
        <line num="101" count="0" type="stmt"/>
        <line num="104" count="0" type="stmt"/>
        <line num="105" count="0" type="stmt"/>
        <line num="106" count="0" type="stmt"/>
        <line num="107" count="0" type="stmt"/>
        <line num="111" count="2" type="stmt"/>
        <line num="115" count="0" type="stmt"/>
        <line num="118" count="0" type="stmt"/>
        <line num="119" count="0" type="stmt"/>
        <line num="120" count="0" type="stmt"/>
        <line num="128" count="0" type="stmt"/>
        <line num="129" count="0" type="stmt"/>
        <line num="133" count="2" type="stmt"/>
        <line num="134" count="0" type="stmt"/>
        <line num="137" count="0" type="stmt"/>
      </file>
    </package>
    <package name="components.common">
      <metrics statements="28" coveredstatements="7" conditionals="17" coveredconditionals="0" methods="10" coveredmethods="0"/>
      <file name="Toast.tsx" path="C:\Users\귀영\Desktop\ReactProject\LogOfReview\src\components\common\Toast.tsx">
        <metrics statements="28" coveredstatements="7" conditionals="17" coveredconditionals="0" methods="10" coveredmethods="0"/>
        <line num="13" count="1" type="stmt"/>
        <line num="24" count="1" type="stmt"/>
        <line num="35" count="1" type="stmt"/>
        <line num="40" count="0" type="cond" truecount="0" falsecount="4"/>
        <line num="42" count="0" type="stmt"/>
        <line num="44" count="0" type="stmt"/>
        <line num="46" count="0" type="stmt"/>
        <line num="48" count="0" type="stmt"/>
        <line num="58" count="0" type="cond" truecount="0" falsecount="2"/>
        <line num="72" count="1" type="stmt"/>
        <line num="78" count="1" type="stmt"/>
        <line num="85" count="1" type="stmt"/>
        <line num="95" count="0" type="cond" truecount="0" falsecount="2"/>
        <line num="114" count="1" type="stmt"/>
        <line num="122" count="0" type="stmt"/>
        <line num="124" count="0" type="stmt"/>
        <line num="125" count="0" type="stmt"/>
        <line num="126" count="0" type="stmt"/>
        <line num="127" count="0" type="stmt"/>
        <line num="131" count="0" type="stmt"/>
        <line num="132" count="0" type="cond" truecount="0" falsecount="4"/>
        <line num="133" count="0" type="stmt"/>
        <line num="134" count="0" type="stmt"/>
        <line num="137" count="0" type="stmt"/>
        <line num="141" count="0" type="stmt"/>
        <line num="142" count="0" type="stmt"/>
        <line num="143" count="0" type="stmt"/>
        <line num="146" count="0" type="stmt"/>
      </file>
    </package>
    <package name="components.review">
      <metrics statements="20" coveredstatements="19" conditionals="9" coveredconditionals="7" methods="3" coveredmethods="2"/>
      <file name="ReviewActions.tsx" path="C:\Users\귀영\Desktop\ReactProject\LogOfReview\src\components\review\ReviewActions.tsx">
        <metrics statements="7" coveredstatements="7" conditionals="5" coveredconditionals="5" methods="1" coveredmethods="1"/>
        <line num="3" count="1" type="stmt"/>
        <line num="10" count="1" type="stmt"/>
        <line num="23" count="1" type="stmt"/>
        <line num="28" count="1" type="stmt"/>
        <line num="44" count="1" type="stmt"/>
        <line num="73" count="1" type="stmt"/>
        <line num="80" count="4" type="stmt"/>
      </file>
      <file name="ReviewCard.tsx" path="C:\Users\귀영\Desktop\ReactProject\LogOfReview\src\components\review\ReviewCard.tsx">
        <metrics statements="13" coveredstatements="12" conditionals="4" coveredconditionals="2" methods="2" coveredmethods="1"/>
        <line num="7" count="1" type="stmt"/>
        <line num="21" count="1" type="stmt"/>
        <line num="34" count="1" type="stmt"/>
        <line num="45" count="1" type="stmt"/>
        <line num="49" count="1" type="stmt"/>
        <line num="60" count="1" type="stmt"/>
        <line num="66" count="1" type="stmt"/>
        <line num="72" count="1" type="stmt"/>
        <line num="87" count="1" type="stmt"/>
        <line num="98" count="1" type="stmt"/>
        <line num="108" count="11" type="cond" truecount="1" falsecount="1"/>
        <line num="110" count="11" type="stmt"/>
        <line num="120" count="0" type="stmt"/>
      </file>
    </package>
    <package name="pages">
      <metrics statements="89" coveredstatements="62" conditionals="46" coveredconditionals="29" methods="28" coveredmethods="15"/>
      <file name="ReviewsPage.tsx" path="C:\Users\귀영\Desktop\ReactProject\LogOfReview\src\pages\ReviewsPage.tsx">
        <metrics statements="89" coveredstatements="62" conditionals="46" coveredconditionals="29" methods="28" coveredmethods="15"/>
        <line num="17" count="1" type="stmt"/>
        <line num="25" count="1" type="stmt"/>
        <line num="26" count="62" type="cond" truecount="2" falsecount="0"/>
        <line num="28" count="1" type="stmt"/>
        <line num="30" count="16" type="stmt"/>
        <line num="31" count="16" type="stmt"/>
        <line num="32" count="16" type="cond" truecount="2" falsecount="0"/>
        <line num="34" count="16" type="cond" truecount="2" falsecount="0"/>
        <line num="35" count="16" type="stmt"/>
        <line num="36" count="16" type="stmt"/>
        <line num="37" count="16" type="stmt"/>
        <line num="39" count="16" type="stmt"/>
        <line num="46" count="16" type="stmt"/>
        <line num="49" count="8" type="cond" truecount="2" falsecount="0"/>
        <line num="50" count="2" type="stmt"/>
        <line num="52" count="6" type="cond" truecount="1" falsecount="1"/>
        <line num="59" count="16" type="stmt"/>
        <line num="60" count="2" type="stmt"/>
        <line num="61" count="2" type="stmt"/>
        <line num="62" count="2" type="stmt"/>
        <line num="63" count="2" type="cond" truecount="1" falsecount="1"/>
        <line num="64" count="2" type="stmt"/>
        <line num="66" count="0" type="stmt"/>
        <line num="68" count="2" type="stmt"/>
        <line num="73" count="16" type="stmt"/>
        <line num="74" count="0" type="cond" truecount="0" falsecount="2"/>
        <line num="75" count="0" type="stmt"/>
        <line num="80" count="16" type="stmt"/>
        <line num="81" count="0" type="stmt"/>
        <line num="82" count="0" type="stmt"/>
        <line num="83" count="0" type="stmt"/>
        <line num="84" count="0" type="stmt"/>
        <line num="85" count="0" type="stmt"/>
        <line num="90" count="16" type="stmt"/>
        <line num="91" count="0" type="stmt"/>
        <line num="92" count="0" type="stmt"/>
        <line num="93" count="0" type="cond" truecount="0" falsecount="2"/>
        <line num="94" count="0" type="stmt"/>
        <line num="96" count="0" type="stmt"/>
        <line num="98" count="0" type="stmt"/>
        <line num="103" count="16" type="stmt"/>
        <line num="104" count="8" type="stmt"/>
        <line num="110" count="8" type="cond" truecount="1" falsecount="3"/>
        <line num="114" count="16" type="stmt"/>
        <line num="115" count="0" type="cond" truecount="0" falsecount="2"/>
        <line num="116" count="0" type="stmt"/>
        <line num="117" count="0" type="stmt"/>
        <line num="119" count="0" type="stmt"/>
        <line num="123" count="16" type="stmt"/>
        <line num="124" count="0" type="stmt"/>
        <line num="128" count="16" type="cond" truecount="2" falsecount="0"/>
        <line num="129" count="8" type="stmt"/>
        <line num="137" count="8" type="cond" truecount="1" falsecount="1"/>
        <line num="138" count="0" type="stmt"/>
        <line num="145" count="8" type="stmt"/>
        <line num="153" count="1" type="stmt"/>
        <line num="154" count="1" type="stmt"/>
        <line num="155" count="1" type="stmt"/>
        <line num="157" count="1" type="cond" truecount="1" falsecount="1"/>
        <line num="158" count="0" type="stmt"/>
        <line num="160" count="1" type="stmt"/>
        <line num="162" count="1" type="stmt"/>
        <line num="179" count="2" type="stmt"/>
        <line num="192" count="0" type="stmt"/>
        <line num="198" count="0" type="stmt"/>
        <line num="204" count="0" type="stmt"/>
        <line num="210" count="0" type="stmt"/>
        <line num="216" count="0" type="stmt"/>
        <line num="233" count="15" type="stmt"/>
        <line num="258" count="0" type="stmt"/>
        <line num="267" count="1" type="stmt"/>
        <line num="276" count="1" type="stmt"/>
        <line num="296" count="1" type="stmt"/>
        <line num="317" count="1" type="stmt"/>
        <line num="340" count="1" type="stmt"/>
        <line num="347" count="1" type="stmt"/>
        <line num="375" count="1" type="stmt"/>
        <line num="383" count="1" type="stmt"/>
        <line num="385" count="40" type="cond" truecount="2" falsecount="0"/>
        <line num="386" count="40" type="cond" truecount="2" falsecount="0"/>
        <line num="387" count="40" type="cond" truecount="2" falsecount="0"/>
        <line num="395" count="40" type="cond" truecount="2" falsecount="0"/>
        <line num="399" count="1" type="stmt"/>
        <line num="405" count="1" type="stmt"/>
        <line num="411" count="1" type="stmt"/>
        <line num="417" count="1" type="stmt"/>
        <line num="424" count="1" type="stmt"/>
        <line num="431" count="1" type="stmt"/>
        <line num="439" count="1" type="stmt"/>
      </file>
    </package>
    <package name="store">
      <metrics statements="4" coveredstatements="4" conditionals="0" coveredconditionals="0" methods="3" coveredmethods="3"/>
      <file name="userStore.ts" path="C:\Users\귀영\Desktop\ReactProject\LogOfReview\src\store\userStore.ts">
        <metrics statements="4" coveredstatements="4" conditionals="0" coveredconditionals="0" methods="3" coveredmethods="3"/>
        <line num="14" count="3" type="stmt"/>
        <line num="16" count="3" type="stmt"/>
        <line num="24" count="2" type="stmt"/>
        <line num="33" count="1" type="stmt"/>
      </file>
    </package>
    <package name="test.mocks">
      <metrics statements="14" coveredstatements="5" conditionals="2" coveredconditionals="0" methods="7" coveredmethods="0"/>
      <file name="handlers.ts" path="C:\Users\귀영\Desktop\ReactProject\LogOfReview\src\test\mocks\handlers.ts">
        <metrics statements="13" coveredstatements="4" conditionals="2" coveredconditionals="0" methods="7" coveredmethods="0"/>
        <line num="7" count="4" type="stmt"/>
        <line num="22" count="4" type="stmt"/>
        <line num="33" count="4" type="stmt"/>
        <line num="43" count="4" type="stmt"/>
        <line num="46" count="0" type="stmt"/>
        <line num="49" count="0" type="stmt"/>
        <line num="50" count="0" type="stmt"/>
        <line num="51" count="0" type="cond" truecount="0" falsecount="2"/>
        <line num="52" count="0" type="stmt"/>
        <line num="55" count="0" type="stmt"/>
        <line num="57" count="0" type="stmt"/>
        <line num="60" count="0" type="stmt"/>
        <line num="61" count="0" type="stmt"/>
      </file>
      <file name="server.ts" path="C:\Users\귀영\Desktop\ReactProject\LogOfReview\src\test\mocks\server.ts">
        <metrics statements="1" coveredstatements="1" conditionals="0" coveredconditionals="0" methods="0" coveredmethods="0"/>
        <line num="5" count="4" type="stmt"/>
      </file>
    </package>
  </project>
</coverage>
