{"C:\\Users\\귀영\\Desktop\\ReactProject\\LogOfReview\\src\\api\\axios.ts": {"path":"C:\\Users\\귀영\\Desktop\\ReactProject\\LogOfReview\\src\\api\\axios.ts","statementMap":{"0":{"start":{"line":7,"column":19},"end":{"line":15,"column":null}},"1":{"start":{"line":9,"column":2},"end":{"line":12,"column":null}},"2":{"start":{"line":11,"column":4},"end":{"line":11,"column":null}},"3":{"start":{"line":14,"column":2},"end":{"line":14,"column":null}},"4":{"start":{"line":18,"column":12},"end":{"line":24,"column":null}},"5":{"start":{"line":27,"column":0},"end":{"line":43,"column":null}},"6":{"start":{"line":30,"column":18},"end":{"line":30,"column":null}},"7":{"start":{"line":33,"column":4},"end":{"line":35,"column":null}},"8":{"start":{"line":34,"column":6},"end":{"line":34,"column":null}},"9":{"start":{"line":37,"column":4},"end":{"line":37,"column":null}},"10":{"start":{"line":41,"column":4},"end":{"line":41,"column":null}},"11":{"start":{"line":46,"column":0},"end":{"line":60,"column":null}},"12":{"start":{"line":49,"column":4},"end":{"line":49,"column":null}},"13":{"start":{"line":53,"column":4},"end":{"line":57,"column":null}},"14":{"start":{"line":54,"column":6},"end":{"line":54,"column":null}},"15":{"start":{"line":58,"column":4},"end":{"line":58,"column":null}}},"fnMap":{"0":{"name":"(anonymous_0)","decl":{"start":{"line":7,"column":19},"end":{"line":7,"column":25}},"loc":{"start":{"line":7,"column":25},"end":{"line":15,"column":null}},"line":7},"1":{"name":"(anonymous_1)","decl":{"start":{"line":28,"column":2},"end":{"line":28,"column":3}},"loc":{"start":{"line":28,"column":14},"end":{"line":38,"column":null}},"line":28},"2":{"name":"(anonymous_2)","decl":{"start":{"line":39,"column":2},"end":{"line":39,"column":3}},"loc":{"start":{"line":39,"column":13},"end":{"line":42,"column":null}},"line":39},"3":{"name":"(anonymous_3)","decl":{"start":{"line":47,"column":2},"end":{"line":47,"column":3}},"loc":{"start":{"line":47,"column":16},"end":{"line":50,"column":null}},"line":47},"4":{"name":"(anonymous_4)","decl":{"start":{"line":51,"column":2},"end":{"line":51,"column":3}},"loc":{"start":{"line":51,"column":13},"end":{"line":59,"column":null}},"line":51}},"branchMap":{"0":{"loc":{"start":{"line":9,"column":2},"end":{"line":12,"column":null}},"type":"if","locations":[{"start":{"line":9,"column":2},"end":{"line":12,"column":null}},{"start":{},"end":{}}],"line":9},"1":{"loc":{"start":{"line":14,"column":9},"end":{"line":14,"column":null}},"type":"binary-expr","locations":[{"start":{"line":14,"column":9},"end":{"line":14,"column":41}},{"start":{"line":14,"column":41},"end":{"line":14,"column":null}}],"line":14},"2":{"loc":{"start":{"line":33,"column":4},"end":{"line":35,"column":null}},"type":"if","locations":[{"start":{"line":33,"column":4},"end":{"line":35,"column":null}},{"start":{},"end":{}}],"line":33},"3":{"loc":{"start":{"line":53,"column":4},"end":{"line":57,"column":null}},"type":"if","locations":[{"start":{"line":53,"column":4},"end":{"line":57,"column":null}},{"start":{},"end":{}}],"line":53}},"s":{"0":2,"1":2,"2":0,"3":2,"4":2,"5":2,"6":13,"7":13,"8":0,"9":13,"10":0,"11":2,"12":13,"13":0,"14":0,"15":0},"f":{"0":2,"1":13,"2":0,"3":13,"4":0},"b":{"0":[0,2],"1":[2,2],"2":[0,13],"3":[0,0]},"meta":{"lastBranch":4,"lastFunction":5,"lastStatement":16,"seen":{"s:7:19:15:Infinity":0,"f:7:19:7:25":0,"b:9:2:12:Infinity:undefined:undefined:undefined:undefined":0,"s:9:2:12:Infinity":1,"s:11:4:11:Infinity":2,"s:14:2:14:Infinity":3,"b:14:9:14:41:14:41:14:Infinity":1,"s:18:12:24:Infinity":4,"s:27:0:43:Infinity":5,"f:28:2:28:3":1,"s:30:18:30:Infinity":6,"b:33:4:35:Infinity:undefined:undefined:undefined:undefined":2,"s:33:4:35:Infinity":7,"s:34:6:34:Infinity":8,"s:37:4:37:Infinity":9,"f:39:2:39:3":2,"s:41:4:41:Infinity":10,"s:46:0:60:Infinity":11,"f:47:2:47:3":3,"s:49:4:49:Infinity":12,"f:51:2:51:3":4,"b:53:4:57:Infinity:undefined:undefined:undefined:undefined":3,"s:53:4:57:Infinity":13,"s:54:6:54:Infinity":14,"s:58:4:58:Infinity":15}}}
,"C:\\Users\\귀영\\Desktop\\ReactProject\\LogOfReview\\src\\api\\dataSource.ts": {"path":"C:\\Users\\귀영\\Desktop\\ReactProject\\LogOfReview\\src\\api\\dataSource.ts","statementMap":{"0":{"start":{"line":6,"column":27},"end":{"line":13,"column":null}},"1":{"start":{"line":7,"column":2},"end":{"line":10,"column":null}},"2":{"start":{"line":8,"column":21},"end":{"line":8,"column":null}},"3":{"start":{"line":9,"column":4},"end":{"line":9,"column":null}},"4":{"start":{"line":11,"column":19},"end":{"line":11,"column":null}},"5":{"start":{"line":12,"column":2},"end":{"line":12,"column":null}},"6":{"start":{"line":16,"column":28},"end":{"line":23,"column":null}},"7":{"start":{"line":17,"column":2},"end":{"line":20,"column":null}},"8":{"start":{"line":18,"column":21},"end":{"line":18,"column":null}},"9":{"start":{"line":19,"column":4},"end":{"line":19,"column":null}},"10":{"start":{"line":21,"column":19},"end":{"line":21,"column":null}},"11":{"start":{"line":22,"column":2},"end":{"line":22,"column":null}},"12":{"start":{"line":26,"column":30},"end":{"line":30,"column":null}},"13":{"start":{"line":27,"column":2},"end":{"line":29,"column":null}},"14":{"start":{"line":28,"column":4},"end":{"line":28,"column":null}}},"fnMap":{"0":{"name":"(anonymous_0)","decl":{"start":{"line":6,"column":27},"end":{"line":6,"column":58}},"loc":{"start":{"line":6,"column":58},"end":{"line":13,"column":null}},"line":6},"1":{"name":"(anonymous_1)","decl":{"start":{"line":16,"column":28},"end":{"line":16,"column":60}},"loc":{"start":{"line":16,"column":60},"end":{"line":23,"column":null}},"line":16},"2":{"name":"(anonymous_2)","decl":{"start":{"line":26,"column":30},"end":{"line":26,"column":31}},"loc":{"start":{"line":26,"column":62},"end":{"line":30,"column":null}},"line":26}},"branchMap":{"0":{"loc":{"start":{"line":7,"column":2},"end":{"line":10,"column":null}},"type":"if","locations":[{"start":{"line":7,"column":2},"end":{"line":10,"column":null}},{"start":{},"end":{}}],"line":7},"1":{"loc":{"start":{"line":17,"column":2},"end":{"line":20,"column":null}},"type":"if","locations":[{"start":{"line":17,"column":2},"end":{"line":20,"column":null}},{"start":{},"end":{}}],"line":17},"2":{"loc":{"start":{"line":27,"column":2},"end":{"line":29,"column":null}},"type":"if","locations":[{"start":{"line":27,"column":2},"end":{"line":29,"column":null}},{"start":{},"end":{}}],"line":27}},"s":{"0":2,"1":13,"2":0,"3":0,"4":13,"5":13,"6":2,"7":0,"8":0,"9":0,"10":0,"11":0,"12":2,"13":0,"14":0},"f":{"0":13,"1":0,"2":0},"b":{"0":[0,13],"1":[0,0],"2":[0,0]},"meta":{"lastBranch":3,"lastFunction":3,"lastStatement":15,"seen":{"s:6:27:13:Infinity":0,"f:6:27:6:58":0,"b:7:2:10:Infinity:undefined:undefined:undefined:undefined":0,"s:7:2:10:Infinity":1,"s:8:21:8:Infinity":2,"s:9:4:9:Infinity":3,"s:11:19:11:Infinity":4,"s:12:2:12:Infinity":5,"s:16:28:23:Infinity":6,"f:16:28:16:60":1,"b:17:2:20:Infinity:undefined:undefined:undefined:undefined":1,"s:17:2:20:Infinity":7,"s:18:21:18:Infinity":8,"s:19:4:19:Infinity":9,"s:21:19:21:Infinity":10,"s:22:2:22:Infinity":11,"s:26:30:30:Infinity":12,"f:26:30:26:31":2,"b:27:2:29:Infinity:undefined:undefined:undefined:undefined":2,"s:27:2:29:Infinity":13,"s:28:4:28:Infinity":14}}}
,"C:\\Users\\귀영\\Desktop\\ReactProject\\LogOfReview\\src\\api\\reviews.ts": {"path":"C:\\Users\\귀영\\Desktop\\ReactProject\\LogOfReview\\src\\api\\reviews.ts","statementMap":{"0":{"start":{"line":13,"column":27},"end":{"line":36,"column":null}},"1":{"start":{"line":14,"column":17},"end":{"line":14,"column":null}},"2":{"start":{"line":16,"column":2},"end":{"line":35,"column":null}},"3":{"start":{"line":18,"column":6},"end":{"line":22,"column":null}},"4":{"start":{"line":19,"column":22},"end":{"line":19,"column":null}},"5":{"start":{"line":20,"column":22},"end":{"line":20,"column":null}},"6":{"start":{"line":21,"column":8},"end":{"line":21,"column":null}},"7":{"start":{"line":24,"column":6},"end":{"line":28,"column":null}},"8":{"start":{"line":25,"column":22},"end":{"line":25,"column":null}},"9":{"start":{"line":26,"column":22},"end":{"line":26,"column":null}},"10":{"start":{"line":27,"column":8},"end":{"line":27,"column":null}},"11":{"start":{"line":30,"column":6},"end":{"line":30,"column":null}},"12":{"start":{"line":30,"column":35},"end":{"line":30,"column":54}},"13":{"start":{"line":32,"column":6},"end":{"line":32,"column":null}},"14":{"start":{"line":32,"column":35},"end":{"line":32,"column":54}},"15":{"start":{"line":34,"column":6},"end":{"line":34,"column":null}},"16":{"start":{"line":39,"column":26},"end":{"line":42,"column":null}},"17":{"start":{"line":40,"column":18},"end":{"line":40,"column":null}},"18":{"start":{"line":41,"column":2},"end":{"line":41,"column":null}},"19":{"start":{"line":45,"column":36},"end":{"line":52,"column":null}},"20":{"start":{"line":49,"column":21},"end":{"line":49,"column":null}},"21":{"start":{"line":50,"column":18},"end":{"line":50,"column":null}},"22":{"start":{"line":50,"column":43},"end":{"line":50,"column":66}},"23":{"start":{"line":51,"column":2},"end":{"line":51,"column":null}},"24":{"start":{"line":56,"column":29},"end":{"line":84,"column":null}},"25":{"start":{"line":61,"column":2},"end":{"line":65,"column":null}},"26":{"start":{"line":62,"column":4},"end":{"line":64,"column":null}},"27":{"start":{"line":67,"column":21},"end":{"line":67,"column":null}},"28":{"start":{"line":68,"column":16},"end":{"line":68,"column":null}},"29":{"start":{"line":70,"column":2},"end":{"line":72,"column":null}},"30":{"start":{"line":71,"column":4},"end":{"line":71,"column":null}},"31":{"start":{"line":71,"column":41},"end":{"line":71,"column":69}},"32":{"start":{"line":74,"column":26},"end":{"line":81,"column":null}},"33":{"start":{"line":75,"column":23},"end":{"line":75,"column":null}},"34":{"start":{"line":76,"column":25},"end":{"line":76,"column":null}},"35":{"start":{"line":77,"column":22},"end":{"line":79,"column":null}},"36":{"start":{"line":78,"column":6},"end":{"line":78,"column":null}},"37":{"start":{"line":80,"column":4},"end":{"line":80,"column":null}},"38":{"start":{"line":83,"column":2},"end":{"line":83,"column":null}},"39":{"start":{"line":87,"column":29},"end":{"line":95,"column":null}},"40":{"start":{"line":88,"column":18},"end":{"line":88,"column":null}},"41":{"start":{"line":90,"column":17},"end":{"line":90,"column":null}},"42":{"start":{"line":90,"column":37},"end":{"line":90,"column":56}},"43":{"start":{"line":91,"column":2},"end":{"line":93,"column":null}},"44":{"start":{"line":92,"column":4},"end":{"line":92,"column":null}},"45":{"start":{"line":94,"column":2},"end":{"line":94,"column":null}},"46":{"start":{"line":98,"column":28},"end":{"line":108,"column":null}},"47":{"start":{"line":101,"column":2},"end":{"line":103,"column":null}},"48":{"start":{"line":104,"column":8},"end":{"line":104,"column":null}},"49":{"start":{"line":105,"column":21},"end":{"line":105,"column":null}},"50":{"start":{"line":106,"column":19},"end":{"line":106,"column":null}},"51":{"start":{"line":107,"column":2},"end":{"line":107,"column":null}},"52":{"start":{"line":111,"column":28},"end":{"line":130,"column":null}},"53":{"start":{"line":115,"column":2},"end":{"line":117,"column":null}},"54":{"start":{"line":118,"column":25},"end":{"line":118,"column":null}},"55":{"start":{"line":119,"column":8},"end":{"line":119,"column":null}},"56":{"start":{"line":120,"column":21},"end":{"line":127,"column":null}},"57":{"start":{"line":128,"column":19},"end":{"line":128,"column":null}},"58":{"start":{"line":129,"column":2},"end":{"line":129,"column":null}},"59":{"start":{"line":133,"column":28},"end":{"line":138,"column":null}},"60":{"start":{"line":134,"column":2},"end":{"line":136,"column":null}},"61":{"start":{"line":137,"column":2},"end":{"line":137,"column":null}}},"fnMap":{"0":{"name":"(anonymous_0)","decl":{"start":{"line":13,"column":27},"end":{"line":13,"column":28}},"loc":{"start":{"line":13,"column":80},"end":{"line":36,"column":null}},"line":13},"1":{"name":"(anonymous_1)","decl":{"start":{"line":18,"column":25},"end":{"line":18,"column":26}},"loc":{"start":{"line":18,"column":35},"end":{"line":22,"column":7}},"line":18},"2":{"name":"(anonymous_2)","decl":{"start":{"line":24,"column":25},"end":{"line":24,"column":26}},"loc":{"start":{"line":24,"column":35},"end":{"line":28,"column":7}},"line":24},"3":{"name":"(anonymous_3)","decl":{"start":{"line":30,"column":25},"end":{"line":30,"column":26}},"loc":{"start":{"line":30,"column":35},"end":{"line":30,"column":54}},"line":30},"4":{"name":"(anonymous_4)","decl":{"start":{"line":32,"column":25},"end":{"line":32,"column":26}},"loc":{"start":{"line":32,"column":35},"end":{"line":32,"column":54}},"line":32},"5":{"name":"(anonymous_5)","decl":{"start":{"line":39,"column":26},"end":{"line":39,"column":33}},"loc":{"start":{"line":39,"column":76},"end":{"line":42,"column":null}},"line":39},"6":{"name":"(anonymous_6)","decl":{"start":{"line":45,"column":36},"end":{"line":45,"column":null}},"loc":{"start":{"line":48,"column":24},"end":{"line":52,"column":null}},"line":48},"7":{"name":"(anonymous_7)","decl":{"start":{"line":50,"column":36},"end":{"line":50,"column":37}},"loc":{"start":{"line":50,"column":43},"end":{"line":50,"column":66}},"line":50},"8":{"name":"(anonymous_8)","decl":{"start":{"line":56,"column":29},"end":{"line":56,"column":null}},"loc":{"start":{"line":60,"column":24},"end":{"line":84,"column":null}},"line":60},"9":{"name":"(anonymous_9)","decl":{"start":{"line":71,"column":29},"end":{"line":71,"column":30}},"loc":{"start":{"line":71,"column":41},"end":{"line":71,"column":69}},"line":71},"10":{"name":"(anonymous_10)","decl":{"start":{"line":74,"column":41},"end":{"line":74,"column":42}},"loc":{"start":{"line":74,"column":53},"end":{"line":81,"column":3}},"line":74},"11":{"name":"(anonymous_11)","decl":{"start":{"line":77,"column":39},"end":{"line":77,"column":40}},"loc":{"start":{"line":78,"column":6},"end":{"line":78,"column":null}},"line":78},"12":{"name":"(anonymous_12)","decl":{"start":{"line":87,"column":29},"end":{"line":87,"column":36}},"loc":{"start":{"line":87,"column":68},"end":{"line":95,"column":null}},"line":87},"13":{"name":"(anonymous_13)","decl":{"start":{"line":90,"column":30},"end":{"line":90,"column":31}},"loc":{"start":{"line":90,"column":37},"end":{"line":90,"column":56}},"line":90},"14":{"name":"(anonymous_14)","decl":{"start":{"line":98,"column":28},"end":{"line":98,"column":null}},"loc":{"start":{"line":100,"column":22},"end":{"line":108,"column":null}},"line":100},"15":{"name":"(anonymous_15)","decl":{"start":{"line":111,"column":28},"end":{"line":111,"column":null}},"loc":{"start":{"line":114,"column":22},"end":{"line":130,"column":null}},"line":114},"16":{"name":"(anonymous_16)","decl":{"start":{"line":133,"column":28},"end":{"line":133,"column":35}},"loc":{"start":{"line":133,"column":65},"end":{"line":138,"column":null}},"line":133}},"branchMap":{"0":{"loc":{"start":{"line":16,"column":2},"end":{"line":35,"column":null}},"type":"switch","locations":[{"start":{"line":17,"column":4},"end":{"line":22,"column":null}},{"start":{"line":23,"column":4},"end":{"line":28,"column":null}},{"start":{"line":29,"column":4},"end":{"line":30,"column":null}},{"start":{"line":31,"column":4},"end":{"line":32,"column":null}},{"start":{"line":33,"column":4},"end":{"line":34,"column":null}}],"line":16},"1":{"loc":{"start":{"line":41,"column":9},"end":{"line":41,"column":null}},"type":"cond-expr","locations":[{"start":{"line":41,"column":18},"end":{"line":41,"column":49}},{"start":{"line":41,"column":49},"end":{"line":41,"column":null}}],"line":41},"2":{"loc":{"start":{"line":51,"column":9},"end":{"line":51,"column":null}},"type":"cond-expr","locations":[{"start":{"line":51,"column":18},"end":{"line":51,"column":49}},{"start":{"line":51,"column":49},"end":{"line":51,"column":null}}],"line":51},"3":{"loc":{"start":{"line":61,"column":2},"end":{"line":65,"column":null}},"type":"if","locations":[{"start":{"line":61,"column":2},"end":{"line":65,"column":null}},{"start":{},"end":{}}],"line":61},"4":{"loc":{"start":{"line":62,"column":11},"end":{"line":64,"column":null}},"type":"cond-expr","locations":[{"start":{"line":63,"column":8},"end":{"line":63,"column":null}},{"start":{"line":64,"column":8},"end":{"line":64,"column":null}}],"line":62},"5":{"loc":{"start":{"line":70,"column":2},"end":{"line":72,"column":null}},"type":"if","locations":[{"start":{"line":70,"column":2},"end":{"line":72,"column":null}},{"start":{},"end":{}}],"line":70},"6":{"loc":{"start":{"line":80,"column":11},"end":{"line":80,"column":null}},"type":"binary-expr","locations":[{"start":{"line":80,"column":11},"end":{"line":80,"column":25}},{"start":{"line":80,"column":25},"end":{"line":80,"column":41}},{"start":{"line":80,"column":41},"end":{"line":80,"column":null}}],"line":80},"7":{"loc":{"start":{"line":83,"column":9},"end":{"line":83,"column":null}},"type":"cond-expr","locations":[{"start":{"line":83,"column":18},"end":{"line":83,"column":57}},{"start":{"line":83,"column":57},"end":{"line":83,"column":null}}],"line":83},"8":{"loc":{"start":{"line":91,"column":2},"end":{"line":93,"column":null}},"type":"if","locations":[{"start":{"line":91,"column":2},"end":{"line":93,"column":null}},{"start":{},"end":{}}],"line":91}},"s":{"0":2,"1":13,"2":13,"3":9,"4":13,"5":13,"6":13,"7":2,"8":5,"9":5,"10":5,"11":1,"12":3,"13":1,"14":4,"15":0,"16":2,"17":7,"18":7,"19":2,"20":0,"21":0,"22":0,"23":0,"24":2,"25":7,"26":1,"27":6,"28":6,"29":6,"30":1,"31":3,"32":6,"33":15,"34":15,"35":15,"36":14,"37":15,"38":6,"39":2,"40":0,"41":0,"42":0,"43":0,"44":0,"45":0,"46":2,"47":0,"48":0,"49":0,"50":0,"51":0,"52":2,"53":0,"54":0,"55":0,"56":0,"57":0,"58":0,"59":2,"60":0,"61":0},"f":{"0":13,"1":13,"2":5,"3":3,"4":4,"5":7,"6":0,"7":0,"8":7,"9":3,"10":15,"11":14,"12":0,"13":0,"14":0,"15":0,"16":0},"b":{"0":[9,2,1,1,0],"1":[6,1],"2":[0,0],"3":[1,6],"4":[0,1],"5":[1,5],"6":[15,10,9],"7":[2,4],"8":[0,0]},"meta":{"lastBranch":9,"lastFunction":17,"lastStatement":62,"seen":{"s:13:27:36:Infinity":0,"f:13:27:13:28":0,"s:14:17:14:Infinity":1,"b:17:4:22:Infinity:23:4:28:Infinity:29:4:30:Infinity:31:4:32:Infinity:33:4:34:Infinity":0,"s:16:2:35:Infinity":2,"s:18:6:22:Infinity":3,"f:18:25:18:26":1,"s:19:22:19:Infinity":4,"s:20:22:20:Infinity":5,"s:21:8:21:Infinity":6,"s:24:6:28:Infinity":7,"f:24:25:24:26":2,"s:25:22:25:Infinity":8,"s:26:22:26:Infinity":9,"s:27:8:27:Infinity":10,"s:30:6:30:Infinity":11,"f:30:25:30:26":3,"s:30:35:30:54":12,"s:32:6:32:Infinity":13,"f:32:25:32:26":4,"s:32:35:32:54":14,"s:34:6:34:Infinity":15,"s:39:26:42:Infinity":16,"f:39:26:39:33":5,"s:40:18:40:Infinity":17,"s:41:2:41:Infinity":18,"b:41:18:41:49:41:49:41:Infinity":1,"s:45:36:52:Infinity":19,"f:45:36:45:Infinity":6,"s:49:21:49:Infinity":20,"s:50:18:50:Infinity":21,"f:50:36:50:37":7,"s:50:43:50:66":22,"s:51:2:51:Infinity":23,"b:51:18:51:49:51:49:51:Infinity":2,"s:56:29:84:Infinity":24,"f:56:29:56:Infinity":8,"b:61:2:65:Infinity:undefined:undefined:undefined:undefined":3,"s:61:2:65:Infinity":25,"s:62:4:64:Infinity":26,"b:63:8:63:Infinity:64:8:64:Infinity":4,"s:67:21:67:Infinity":27,"s:68:16:68:Infinity":28,"b:70:2:72:Infinity:undefined:undefined:undefined:undefined":5,"s:70:2:72:Infinity":29,"s:71:4:71:Infinity":30,"f:71:29:71:30":9,"s:71:41:71:69":31,"s:74:26:81:Infinity":32,"f:74:41:74:42":10,"s:75:23:75:Infinity":33,"s:76:25:76:Infinity":34,"s:77:22:79:Infinity":35,"f:77:39:77:40":11,"s:78:6:78:Infinity":36,"s:80:4:80:Infinity":37,"b:80:11:80:25:80:25:80:41:80:41:80:Infinity":6,"s:83:2:83:Infinity":38,"b:83:18:83:57:83:57:83:Infinity":7,"s:87:29:95:Infinity":39,"f:87:29:87:36":12,"s:88:18:88:Infinity":40,"s:90:17:90:Infinity":41,"f:90:30:90:31":13,"s:90:37:90:56":42,"b:91:2:93:Infinity:undefined:undefined:undefined:undefined":8,"s:91:2:93:Infinity":43,"s:92:4:92:Infinity":44,"s:94:2:94:Infinity":45,"s:98:28:108:Infinity":46,"f:98:28:98:Infinity":14,"s:101:2:103:Infinity":47,"s:104:8:104:Infinity":48,"s:105:21:105:Infinity":49,"s:106:19:106:Infinity":50,"s:107:2:107:Infinity":51,"s:111:28:130:Infinity":52,"f:111:28:111:Infinity":15,"s:115:2:117:Infinity":53,"s:118:25:118:Infinity":54,"s:119:8:119:Infinity":55,"s:120:21:127:Infinity":56,"s:128:19:128:Infinity":57,"s:129:2:129:Infinity":58,"s:133:28:138:Infinity":59,"f:133:28:133:35":16,"s:134:2:136:Infinity":60,"s:137:2:137:Infinity":61}}}
,"C:\\Users\\귀영\\Desktop\\ReactProject\\LogOfReview\\src\\components\\common\\Toast.tsx": {"path":"C:\\Users\\귀영\\Desktop\\ReactProject\\LogOfReview\\src\\components\\common\\Toast.tsx","statementMap":{"0":{"start":{"line":13,"column":16},"end":{"line":13,"column":null}},"1":{"start":{"line":24,"column":17},"end":{"line":24,"column":null}},"2":{"start":{"line":35,"column":23},"end":{"line":58,"column":null}},"3":{"start":{"line":40,"column":4},"end":{"line":49,"column":null}},"4":{"start":{"line":42,"column":8},"end":{"line":42,"column":null}},"5":{"start":{"line":44,"column":8},"end":{"line":44,"column":null}},"6":{"start":{"line":46,"column":8},"end":{"line":46,"column":null}},"7":{"start":{"line":48,"column":8},"end":{"line":48,"column":null}},"8":{"start":{"line":58,"column":27},"end":{"line":58,"column":65}},"9":{"start":{"line":72,"column":21},"end":{"line":72,"column":null}},"10":{"start":{"line":78,"column":21},"end":{"line":78,"column":null}},"11":{"start":{"line":85,"column":20},"end":{"line":111,"column":null}},"12":{"start":{"line":95,"column":4},"end":{"line":104,"column":null}},"13":{"start":{"line":114,"column":14},"end":{"line":161,"column":null}},"14":{"start":{"line":122,"column":32},"end":{"line":122,"column":null}},"15":{"start":{"line":124,"column":8},"end":{"line":129,"column":null}},"16":{"start":{"line":125,"column":4},"end":{"line":125,"column":null}},"17":{"start":{"line":126,"column":4},"end":{"line":128,"column":null}},"18":{"start":{"line":127,"column":6},"end":{"line":127,"column":null}},"19":{"start":{"line":131,"column":2},"end":{"line":139,"column":null}},"20":{"start":{"line":132,"column":4},"end":{"line":138,"column":null}},"21":{"start":{"line":133,"column":20},"end":{"line":135,"column":null}},"22":{"start":{"line":134,"column":8},"end":{"line":134,"column":null}},"23":{"start":{"line":137,"column":6},"end":{"line":137,"column":null}},"24":{"start":{"line":137,"column":19},"end":{"line":137,"column":null}},"25":{"start":{"line":141,"column":24},"end":{"line":144,"column":null}},"26":{"start":{"line":142,"column":4},"end":{"line":142,"column":null}},"27":{"start":{"line":143,"column":4},"end":{"line":143,"column":null}},"28":{"start":{"line":146,"column":2},"end":{"line":159,"column":null}}},"fnMap":{"0":{"name":"(anonymous_0)","decl":{"start":{"line":39,"column":16},"end":{"line":39,"column":17}},"loc":{"start":{"line":39,"column":27},"end":{"line":50,"column":3}},"line":39},"1":{"name":"(anonymous_1)","decl":{"start":{"line":58,"column":15},"end":{"line":58,"column":16}},"loc":{"start":{"line":58,"column":27},"end":{"line":58,"column":65}},"line":58},"2":{"name":"(anonymous_2)","decl":{"start":{"line":94,"column":4},"end":{"line":94,"column":5}},"loc":{"start":{"line":95,"column":4},"end":{"line":104,"column":null}},"line":95},"3":{"name":"(anonymous_3)","decl":{"start":{"line":114,"column":14},"end":{"line":114,"column":15}},"loc":{"start":{"line":121,"column":18},"end":{"line":161,"column":null}},"line":121},"4":{"name":"(anonymous_4)","decl":{"start":{"line":124,"column":34},"end":{"line":124,"column":40}},"loc":{"start":{"line":124,"column":40},"end":{"line":129,"column":5}},"line":124},"5":{"name":"(anonymous_5)","decl":{"start":{"line":126,"column":15},"end":{"line":126,"column":21}},"loc":{"start":{"line":126,"column":21},"end":{"line":128,"column":7}},"line":126},"6":{"name":"(anonymous_6)","decl":{"start":{"line":131,"column":12},"end":{"line":131,"column":18}},"loc":{"start":{"line":131,"column":18},"end":{"line":139,"column":5}},"line":131},"7":{"name":"(anonymous_7)","decl":{"start":{"line":133,"column":31},"end":{"line":133,"column":37}},"loc":{"start":{"line":133,"column":37},"end":{"line":135,"column":9}},"line":133},"8":{"name":"(anonymous_8)","decl":{"start":{"line":137,"column":13},"end":{"line":137,"column":19}},"loc":{"start":{"line":137,"column":19},"end":{"line":137,"column":null}},"line":137},"9":{"name":"(anonymous_9)","decl":{"start":{"line":141,"column":24},"end":{"line":141,"column":30}},"loc":{"start":{"line":141,"column":30},"end":{"line":144,"column":null}},"line":141}},"branchMap":{"0":{"loc":{"start":{"line":40,"column":4},"end":{"line":49,"column":null}},"type":"switch","locations":[{"start":{"line":41,"column":6},"end":{"line":42,"column":null}},{"start":{"line":43,"column":6},"end":{"line":44,"column":null}},{"start":{"line":45,"column":6},"end":{"line":46,"column":null}},{"start":{"line":47,"column":6},"end":{"line":48,"column":null}}],"line":40},"1":{"loc":{"start":{"line":58,"column":27},"end":{"line":58,"column":65}},"type":"cond-expr","locations":[{"start":{"line":58,"column":46},"end":{"line":58,"column":57}},{"start":{"line":58,"column":57},"end":{"line":58,"column":65}}],"line":58},"2":{"loc":{"start":{"line":95,"column":4},"end":{"line":104,"column":null}},"type":"cond-expr","locations":[{"start":{"line":96,"column":8},"end":{"line":96,"column":null}},{"start":{"line":104,"column":8},"end":{"line":104,"column":null}}],"line":95},"3":{"loc":{"start":{"line":116,"column":2},"end":{"line":116,"column":null}},"type":"default-arg","locations":[{"start":{"line":116,"column":9},"end":{"line":116,"column":null}}],"line":116},"4":{"loc":{"start":{"line":117,"column":2},"end":{"line":117,"column":null}},"type":"default-arg","locations":[{"start":{"line":117,"column":13},"end":{"line":117,"column":null}}],"line":117},"5":{"loc":{"start":{"line":120,"column":2},"end":{"line":120,"column":null}},"type":"default-arg","locations":[{"start":{"line":120,"column":16},"end":{"line":120,"column":null}}],"line":120},"6":{"loc":{"start":{"line":132,"column":4},"end":{"line":138,"column":null}},"type":"if","locations":[{"start":{"line":132,"column":4},"end":{"line":138,"column":null}},{"start":{},"end":{}}],"line":132},"7":{"loc":{"start":{"line":132,"column":8},"end":{"line":132,"column":38}},"type":"binary-expr","locations":[{"start":{"line":132,"column":8},"end":{"line":132,"column":24}},{"start":{"line":132,"column":24},"end":{"line":132,"column":38}}],"line":132},"8":{"loc":{"start":{"line":149,"column":7},"end":{"line":157,"column":null}},"type":"binary-expr","locations":[{"start":{"line":149,"column":7},"end":{"line":149,"column":null}},{"start":{"line":150,"column":8},"end":{"line":157,"column":null}}],"line":149}},"s":{"0":1,"1":1,"2":1,"3":0,"4":0,"5":0,"6":0,"7":0,"8":0,"9":1,"10":1,"11":1,"12":0,"13":1,"14":0,"15":0,"16":0,"17":0,"18":0,"19":0,"20":0,"21":0,"22":0,"23":0,"24":0,"25":0,"26":0,"27":0,"28":0},"f":{"0":0,"1":0,"2":0,"3":0,"4":0,"5":0,"6":0,"7":0,"8":0,"9":0},"b":{"0":[0,0,0,0],"1":[0,0],"2":[0,0],"3":[0],"4":[0],"5":[0],"6":[0,0],"7":[0,0],"8":[0,0]},"meta":{"lastBranch":9,"lastFunction":10,"lastStatement":29,"seen":{"s:13:16:13:Infinity":0,"s:24:17:24:Infinity":1,"s:35:23:58:Infinity":2,"f:39:16:39:17":0,"b:41:6:42:Infinity:43:6:44:Infinity:45:6:46:Infinity:47:6:48:Infinity":0,"s:40:4:49:Infinity":3,"s:42:8:42:Infinity":4,"s:44:8:44:Infinity":5,"s:46:8:46:Infinity":6,"s:48:8:48:Infinity":7,"f:58:15:58:16":1,"s:58:27:58:65":8,"b:58:46:58:57:58:57:58:65":1,"s:72:21:72:Infinity":9,"s:78:21:78:Infinity":10,"s:85:20:111:Infinity":11,"f:94:4:94:5":2,"s:95:4:104:Infinity":12,"b:96:8:96:Infinity:104:8:104:Infinity":2,"s:114:14:161:Infinity":13,"f:114:14:114:15":3,"b:116:9:116:Infinity":3,"b:117:13:117:Infinity":4,"b:120:16:120:Infinity":5,"s:122:32:122:Infinity":14,"s:124:8:129:Infinity":15,"f:124:34:124:40":4,"s:125:4:125:Infinity":16,"s:126:4:128:Infinity":17,"f:126:15:126:21":5,"s:127:6:127:Infinity":18,"s:131:2:139:Infinity":19,"f:131:12:131:18":6,"b:132:4:138:Infinity:undefined:undefined:undefined:undefined":6,"s:132:4:138:Infinity":20,"b:132:8:132:24:132:24:132:38":7,"s:133:20:135:Infinity":21,"f:133:31:133:37":7,"s:134:8:134:Infinity":22,"s:137:6:137:Infinity":23,"f:137:13:137:19":8,"s:137:19:137:Infinity":24,"s:141:24:144:Infinity":25,"f:141:24:141:30":9,"s:142:4:142:Infinity":26,"s:143:4:143:Infinity":27,"s:146:2:159:Infinity":28,"b:149:7:149:Infinity:150:8:157:Infinity":8}}}
,"C:\\Users\\귀영\\Desktop\\ReactProject\\LogOfReview\\src\\components\\review\\ReviewActions.tsx": {"path":"C:\\Users\\귀영\\Desktop\\ReactProject\\LogOfReview\\src\\components\\review\\ReviewActions.tsx","statementMap":{"0":{"start":{"line":3,"column":24},"end":{"line":3,"column":null}},"1":{"start":{"line":10,"column":19},"end":{"line":10,"column":null}},"2":{"start":{"line":23,"column":30},"end":{"line":23,"column":null}},"3":{"start":{"line":28,"column":19},"end":{"line":28,"column":null}},"4":{"start":{"line":44,"column":21},"end":{"line":44,"column":null}},"5":{"start":{"line":73,"column":22},"end":{"line":93,"column":null}},"6":{"start":{"line":80,"column":2},"end":{"line":91,"column":null}}},"fnMap":{"0":{"name":"(anonymous_0)","decl":{"start":{"line":73,"column":22},"end":{"line":73,"column":23}},"loc":{"start":{"line":79,"column":26},"end":{"line":93,"column":null}},"line":79}},"branchMap":{"0":{"loc":{"start":{"line":77,"column":2},"end":{"line":77,"column":null}},"type":"default-arg","locations":[{"start":{"line":77,"column":15},"end":{"line":77,"column":null}}],"line":77},"1":{"loc":{"start":{"line":83,"column":7},"end":{"line":89,"column":null}},"type":"binary-expr","locations":[{"start":{"line":83,"column":7},"end":{"line":83,"column":null}},{"start":{"line":84,"column":8},"end":{"line":89,"column":null}}],"line":83},"2":{"loc":{"start":{"line":87,"column":13},"end":{"line":87,"column":null}},"type":"cond-expr","locations":[{"start":{"line":87,"column":26},"end":{"line":87,"column":38}},{"start":{"line":87,"column":38},"end":{"line":87,"column":null}}],"line":87}},"s":{"0":1,"1":1,"2":1,"3":1,"4":1,"5":1,"6":4},"f":{"0":4},"b":{"0":[4],"1":[4,2],"2":[1,1]},"meta":{"lastBranch":3,"lastFunction":1,"lastStatement":7,"seen":{"s:3:24:3:Infinity":0,"s:10:19:10:Infinity":1,"s:23:30:23:Infinity":2,"s:28:19:28:Infinity":3,"s:44:21:44:Infinity":4,"s:73:22:93:Infinity":5,"f:73:22:73:23":0,"b:77:15:77:Infinity":0,"s:80:2:91:Infinity":6,"b:83:7:83:Infinity:84:8:89:Infinity":1,"b:87:26:87:38:87:38:87:Infinity":2}}}
,"C:\\Users\\귀영\\Desktop\\ReactProject\\LogOfReview\\src\\components\\review\\ReviewCard.tsx": {"path":"C:\\Users\\귀영\\Desktop\\ReactProject\\LogOfReview\\src\\components\\review\\ReviewCard.tsx","statementMap":{"0":{"start":{"line":7,"column":6},"end":{"line":7,"column":null}},"1":{"start":{"line":21,"column":21},"end":{"line":21,"column":null}},"2":{"start":{"line":34,"column":19},"end":{"line":34,"column":null}},"3":{"start":{"line":45,"column":20},"end":{"line":45,"column":null}},"4":{"start":{"line":49,"column":17},"end":{"line":49,"column":null}},"5":{"start":{"line":60,"column":14},"end":{"line":60,"column":null}},"6":{"start":{"line":66,"column":15},"end":{"line":66,"column":null}},"7":{"start":{"line":72,"column":13},"end":{"line":72,"column":null}},"8":{"start":{"line":87,"column":16},"end":{"line":87,"column":null}},"9":{"start":{"line":98,"column":19},"end":{"line":129,"column":null}},"10":{"start":{"line":108,"column":4},"end":{"line":108,"column":null}},"11":{"start":{"line":110,"column":2},"end":{"line":127,"column":null}},"12":{"start":{"line":120,"column":12},"end":{"line":120,"column":null}}},"fnMap":{"0":{"name":"(anonymous_0)","decl":{"start":{"line":98,"column":19},"end":{"line":98,"column":20}},"loc":{"start":{"line":106,"column":23},"end":{"line":129,"column":null}},"line":106},"1":{"name":"(anonymous_1)","decl":{"start":{"line":119,"column":20},"end":{"line":119,"column":21}},"loc":{"start":{"line":120,"column":12},"end":{"line":120,"column":null}},"line":120}},"branchMap":{"0":{"loc":{"start":{"line":108,"column":4},"end":{"line":108,"column":null}},"type":"cond-expr","locations":[{"start":{"line":108,"column":25},"end":{"line":108,"column":37}},{"start":{"line":108,"column":37},"end":{"line":108,"column":null}}],"line":108},"1":{"loc":{"start":{"line":114,"column":9},"end":{"line":114,"column":null}},"type":"binary-expr","locations":[{"start":{"line":114,"column":9},"end":{"line":114,"column":30}},{"start":{"line":114,"column":30},"end":{"line":114,"column":null}}],"line":114}},"s":{"0":1,"1":1,"2":1,"3":1,"4":1,"5":1,"6":1,"7":1,"8":1,"9":1,"10":11,"11":11,"12":0},"f":{"0":11,"1":0},"b":{"0":[0,11],"1":[11,0]},"meta":{"lastBranch":2,"lastFunction":2,"lastStatement":13,"seen":{"s:7:6:7:Infinity":0,"s:21:21:21:Infinity":1,"s:34:19:34:Infinity":2,"s:45:20:45:Infinity":3,"s:49:17:49:Infinity":4,"s:60:14:60:Infinity":5,"s:66:15:66:Infinity":6,"s:72:13:72:Infinity":7,"s:87:16:87:Infinity":8,"s:98:19:129:Infinity":9,"f:98:19:98:20":0,"s:108:4:108:Infinity":10,"b:108:25:108:37:108:37:108:Infinity":0,"s:110:2:127:Infinity":11,"b:114:9:114:30:114:30:114:Infinity":1,"f:119:20:119:21":1,"s:120:12:120:Infinity":12}}}
,"C:\\Users\\귀영\\Desktop\\ReactProject\\LogOfReview\\src\\pages\\ReviewsPage.tsx": {"path":"C:\\Users\\귀영\\Desktop\\ReactProject\\LogOfReview\\src\\pages\\ReviewsPage.tsx","statementMap":{"0":{"start":{"line":17,"column":21},"end":{"line":22,"column":null}},"1":{"start":{"line":25,"column":24},"end":{"line":26,"column":null}},"2":{"start":{"line":26,"column":2},"end":{"line":26,"column":null}},"3":{"start":{"line":26,"column":27},"end":{"line":26,"column":38}},"4":{"start":{"line":28,"column":20},"end":{"line":264,"column":null}},"5":{"start":{"line":30,"column":8},"end":{"line":30,"column":null}},"6":{"start":{"line":31,"column":38},"end":{"line":31,"column":null}},"7":{"start":{"line":32,"column":19},"end":{"line":32,"column":null}},"8":{"start":{"line":34,"column":28},"end":{"line":34,"column":null}},"9":{"start":{"line":35,"column":17},"end":{"line":35,"column":null}},"10":{"start":{"line":36,"column":21},"end":{"line":36,"column":null}},"11":{"start":{"line":37,"column":32},"end":{"line":37,"column":null}},"12":{"start":{"line":39,"column":36},"end":{"line":39,"column":null}},"13":{"start":{"line":46,"column":2},"end":{"line":56,"column":null}},"14":{"start":{"line":49,"column":6},"end":{"line":51,"column":null}},"15":{"start":{"line":50,"column":8},"end":{"line":50,"column":null}},"16":{"start":{"line":52,"column":6},"end":{"line":54,"column":null}},"17":{"start":{"line":59,"column":23},"end":{"line":70,"column":null}},"18":{"start":{"line":60,"column":4},"end":{"line":69,"column":null}},"19":{"start":{"line":61,"column":19},"end":{"line":61,"column":null}},"20":{"start":{"line":62,"column":22},"end":{"line":62,"column":null}},"21":{"start":{"line":63,"column":6},"end":{"line":67,"column":null}},"22":{"start":{"line":64,"column":8},"end":{"line":64,"column":null}},"23":{"start":{"line":66,"column":8},"end":{"line":66,"column":null}},"24":{"start":{"line":68,"column":6},"end":{"line":68,"column":null}},"25":{"start":{"line":73,"column":31},"end":{"line":77,"column":null}},"26":{"start":{"line":74,"column":4},"end":{"line":76,"column":null}},"27":{"start":{"line":75,"column":6},"end":{"line":75,"column":null}},"28":{"start":{"line":80,"column":28},"end":{"line":87,"column":null}},"29":{"start":{"line":81,"column":4},"end":{"line":81,"column":null}},"30":{"start":{"line":82,"column":4},"end":{"line":86,"column":null}},"31":{"start":{"line":83,"column":19},"end":{"line":83,"column":null}},"32":{"start":{"line":84,"column":6},"end":{"line":84,"column":null}},"33":{"start":{"line":85,"column":6},"end":{"line":85,"column":null}},"34":{"start":{"line":90,"column":31},"end":{"line":100,"column":null}},"35":{"start":{"line":91,"column":4},"end":{"line":99,"column":null}},"36":{"start":{"line":92,"column":19},"end":{"line":92,"column":null}},"37":{"start":{"line":93,"column":6},"end":{"line":97,"column":null}},"38":{"start":{"line":94,"column":8},"end":{"line":94,"column":null}},"39":{"start":{"line":96,"column":8},"end":{"line":96,"column":null}},"40":{"start":{"line":98,"column":6},"end":{"line":98,"column":null}},"41":{"start":{"line":103,"column":26},"end":{"line":111,"column":null}},"42":{"start":{"line":104,"column":48},"end":{"line":109,"column":null}},"43":{"start":{"line":110,"column":4},"end":{"line":110,"column":null}},"44":{"start":{"line":114,"column":27},"end":{"line":120,"column":null}},"45":{"start":{"line":115,"column":4},"end":{"line":118,"column":null}},"46":{"start":{"line":116,"column":6},"end":{"line":116,"column":null}},"47":{"start":{"line":117,"column":6},"end":{"line":117,"column":null}},"48":{"start":{"line":119,"column":4},"end":{"line":119,"column":null}},"49":{"start":{"line":123,"column":29},"end":{"line":125,"column":null}},"50":{"start":{"line":124,"column":4},"end":{"line":124,"column":null}},"51":{"start":{"line":128,"column":2},"end":{"line":134,"column":null}},"52":{"start":{"line":129,"column":4},"end":{"line":132,"column":null}},"53":{"start":{"line":137,"column":2},"end":{"line":143,"column":null}},"54":{"start":{"line":138,"column":4},"end":{"line":141,"column":null}},"55":{"start":{"line":145,"column":2},"end":{"line":262,"column":null}},"56":{"start":{"line":153,"column":24},"end":{"line":153,"column":null}},"57":{"start":{"line":154,"column":12},"end":{"line":163,"column":null}},"58":{"start":{"line":155,"column":27},"end":{"line":155,"column":null}},"59":{"start":{"line":157,"column":14},"end":{"line":161,"column":null}},"60":{"start":{"line":158,"column":16},"end":{"line":158,"column":null}},"61":{"start":{"line":160,"column":16},"end":{"line":160,"column":null}},"62":{"start":{"line":162,"column":14},"end":{"line":162,"column":null}},"63":{"start":{"line":179,"column":27},"end":{"line":179,"column":null}},"64":{"start":{"line":192,"column":25},"end":{"line":192,"column":null}},"65":{"start":{"line":198,"column":25},"end":{"line":198,"column":null}},"66":{"start":{"line":204,"column":25},"end":{"line":204,"column":null}},"67":{"start":{"line":210,"column":25},"end":{"line":210,"column":null}},"68":{"start":{"line":216,"column":25},"end":{"line":216,"column":null}},"69":{"start":{"line":233,"column":12},"end":{"line":242,"column":null}},"70":{"start":{"line":258,"column":25},"end":{"line":258,"column":null}},"71":{"start":{"line":267,"column":24},"end":{"line":267,"column":null}},"72":{"start":{"line":276,"column":20},"end":{"line":276,"column":null}},"73":{"start":{"line":296,"column":20},"end":{"line":296,"column":null}},"74":{"start":{"line":317,"column":21},"end":{"line":317,"column":null}},"75":{"start":{"line":340,"column":23},"end":{"line":340,"column":null}},"76":{"start":{"line":347,"column":19},"end":{"line":347,"column":null}},"77":{"start":{"line":375,"column":24},"end":{"line":375,"column":null}},"78":{"start":{"line":383,"column":21},"end":{"line":395,"column":null}},"79":{"start":{"line":385,"column":34},"end":{"line":385,"column":69}},"80":{"start":{"line":386,"column":28},"end":{"line":386,"column":64}},"81":{"start":{"line":387,"column":23},"end":{"line":387,"column":56}},"82":{"start":{"line":395,"column":30},"end":{"line":395,"column":68}},"83":{"start":{"line":399,"column":22},"end":{"line":399,"column":null}},"84":{"start":{"line":405,"column":18},"end":{"line":405,"column":null}},"85":{"start":{"line":411,"column":19},"end":{"line":411,"column":null}},"86":{"start":{"line":417,"column":23},"end":{"line":417,"column":null}},"87":{"start":{"line":424,"column":21},"end":{"line":424,"column":null}},"88":{"start":{"line":431,"column":18},"end":{"line":431,"column":null}},"89":{"start":{"line":439,"column":20},"end":{"line":439,"column":null}}},"fnMap":{"0":{"name":"(anonymous_0)","decl":{"start":{"line":25,"column":24},"end":{"line":25,"column":25}},"loc":{"start":{"line":26,"column":2},"end":{"line":26,"column":null}},"line":26},"1":{"name":"(anonymous_1)","decl":{"start":{"line":26,"column":20},"end":{"line":26,"column":21}},"loc":{"start":{"line":26,"column":27},"end":{"line":26,"column":38}},"line":26},"2":{"name":"(anonymous_2)","decl":{"start":{"line":28,"column":20},"end":{"line":28,"column":26}},"loc":{"start":{"line":28,"column":26},"end":{"line":264,"column":null}},"line":28},"3":{"name":"(anonymous_3)","decl":{"start":{"line":48,"column":13},"end":{"line":48,"column":19}},"loc":{"start":{"line":48,"column":19},"end":{"line":55,"column":null}},"line":48},"4":{"name":"(anonymous_4)","decl":{"start":{"line":59,"column":23},"end":{"line":59,"column":29}},"loc":{"start":{"line":59,"column":29},"end":{"line":70,"column":null}},"line":59},"5":{"name":"(anonymous_5)","decl":{"start":{"line":60,"column":20},"end":{"line":60,"column":21}},"loc":{"start":{"line":60,"column":30},"end":{"line":69,"column":5}},"line":60},"6":{"name":"(anonymous_6)","decl":{"start":{"line":73,"column":31},"end":{"line":73,"column":32}},"loc":{"start":{"line":73,"column":77},"end":{"line":77,"column":null}},"line":73},"7":{"name":"(anonymous_7)","decl":{"start":{"line":80,"column":28},"end":{"line":80,"column":34}},"loc":{"start":{"line":80,"column":34},"end":{"line":87,"column":null}},"line":80},"8":{"name":"(anonymous_8)","decl":{"start":{"line":82,"column":20},"end":{"line":82,"column":21}},"loc":{"start":{"line":82,"column":30},"end":{"line":86,"column":5}},"line":82},"9":{"name":"(anonymous_9)","decl":{"start":{"line":90,"column":31},"end":{"line":90,"column":32}},"loc":{"start":{"line":90,"column":57},"end":{"line":100,"column":null}},"line":90},"10":{"name":"(anonymous_10)","decl":{"start":{"line":91,"column":20},"end":{"line":91,"column":21}},"loc":{"start":{"line":91,"column":30},"end":{"line":99,"column":5}},"line":91},"11":{"name":"(anonymous_11)","decl":{"start":{"line":103,"column":26},"end":{"line":103,"column":27}},"loc":{"start":{"line":103,"column":44},"end":{"line":111,"column":null}},"line":103},"12":{"name":"(anonymous_12)","decl":{"start":{"line":114,"column":27},"end":{"line":114,"column":33}},"loc":{"start":{"line":114,"column":33},"end":{"line":120,"column":null}},"line":114},"13":{"name":"(anonymous_13)","decl":{"start":{"line":123,"column":29},"end":{"line":123,"column":35}},"loc":{"start":{"line":123,"column":35},"end":{"line":125,"column":null}},"line":123},"14":{"name":"(anonymous_14)","decl":{"start":{"line":152,"column":20},"end":{"line":152,"column":21}},"loc":{"start":{"line":152,"column":27},"end":{"line":164,"column":null}},"line":152},"15":{"name":"(anonymous_15)","decl":{"start":{"line":154,"column":28},"end":{"line":154,"column":29}},"loc":{"start":{"line":154,"column":38},"end":{"line":163,"column":13}},"line":154},"16":{"name":"(anonymous_16)","decl":{"start":{"line":179,"column":20},"end":{"line":179,"column":21}},"loc":{"start":{"line":179,"column":27},"end":{"line":179,"column":null}},"line":179},"17":{"name":"(anonymous_17)","decl":{"start":{"line":192,"column":19},"end":{"line":192,"column":25}},"loc":{"start":{"line":192,"column":25},"end":{"line":192,"column":null}},"line":192},"18":{"name":"(anonymous_18)","decl":{"start":{"line":198,"column":19},"end":{"line":198,"column":25}},"loc":{"start":{"line":198,"column":25},"end":{"line":198,"column":null}},"line":198},"19":{"name":"(anonymous_19)","decl":{"start":{"line":204,"column":19},"end":{"line":204,"column":25}},"loc":{"start":{"line":204,"column":25},"end":{"line":204,"column":null}},"line":204},"20":{"name":"(anonymous_20)","decl":{"start":{"line":210,"column":19},"end":{"line":210,"column":25}},"loc":{"start":{"line":210,"column":25},"end":{"line":210,"column":null}},"line":210},"21":{"name":"(anonymous_21)","decl":{"start":{"line":216,"column":19},"end":{"line":216,"column":25}},"loc":{"start":{"line":216,"column":25},"end":{"line":216,"column":null}},"line":216},"22":{"name":"(anonymous_22)","decl":{"start":{"line":232,"column":23},"end":{"line":232,"column":24}},"loc":{"start":{"line":233,"column":12},"end":{"line":242,"column":null}},"line":233},"23":{"name":"(anonymous_23)","decl":{"start":{"line":258,"column":19},"end":{"line":258,"column":25}},"loc":{"start":{"line":258,"column":25},"end":{"line":258,"column":null}},"line":258},"24":{"name":"(anonymous_24)","decl":{"start":{"line":385,"column":22},"end":{"line":385,"column":23}},"loc":{"start":{"line":385,"column":34},"end":{"line":385,"column":69}},"line":385},"25":{"name":"(anonymous_25)","decl":{"start":{"line":386,"column":16},"end":{"line":386,"column":17}},"loc":{"start":{"line":386,"column":28},"end":{"line":386,"column":64}},"line":386},"26":{"name":"(anonymous_26)","decl":{"start":{"line":387,"column":11},"end":{"line":387,"column":12}},"loc":{"start":{"line":387,"column":23},"end":{"line":387,"column":56}},"line":387},"27":{"name":"(anonymous_27)","decl":{"start":{"line":395,"column":18},"end":{"line":395,"column":19}},"loc":{"start":{"line":395,"column":30},"end":{"line":395,"column":68}},"line":395}},"branchMap":{"0":{"loc":{"start":{"line":26,"column":2},"end":{"line":26,"column":null}},"type":"binary-expr","locations":[{"start":{"line":26,"column":2},"end":{"line":26,"column":43}},{"start":{"line":26,"column":43},"end":{"line":26,"column":null}}],"line":26},"1":{"loc":{"start":{"line":32,"column":19},"end":{"line":32,"column":null}},"type":"binary-expr","locations":[{"start":{"line":32,"column":19},"end":{"line":32,"column":51}},{"start":{"line":32,"column":51},"end":{"line":32,"column":null}}],"line":32},"2":{"loc":{"start":{"line":34,"column":28},"end":{"line":34,"column":null}},"type":"binary-expr","locations":[{"start":{"line":34,"column":28},"end":{"line":34,"column":53}},{"start":{"line":34,"column":53},"end":{"line":34,"column":null}}],"line":34},"3":{"loc":{"start":{"line":49,"column":6},"end":{"line":51,"column":null}},"type":"if","locations":[{"start":{"line":49,"column":6},"end":{"line":51,"column":null}},{"start":{},"end":{}}],"line":49},"4":{"loc":{"start":{"line":52,"column":13},"end":{"line":54,"column":null}},"type":"cond-expr","locations":[{"start":{"line":52,"column":13},"end":{"line":53,"column":null}},{"start":{"line":53,"column":47},"end":{"line":54,"column":null}}],"line":52},"5":{"loc":{"start":{"line":63,"column":6},"end":{"line":67,"column":null}},"type":"if","locations":[{"start":{"line":63,"column":6},"end":{"line":67,"column":null}},{"start":{"line":65,"column":13},"end":{"line":67,"column":null}}],"line":63},"6":{"loc":{"start":{"line":74,"column":4},"end":{"line":76,"column":null}},"type":"if","locations":[{"start":{"line":74,"column":4},"end":{"line":76,"column":null}},{"start":{},"end":{}}],"line":74},"7":{"loc":{"start":{"line":93,"column":6},"end":{"line":97,"column":null}},"type":"if","locations":[{"start":{"line":93,"column":6},"end":{"line":97,"column":null}},{"start":{"line":95,"column":13},"end":{"line":97,"column":null}}],"line":93},"8":{"loc":{"start":{"line":110,"column":11},"end":{"line":110,"column":null}},"type":"cond-expr","locations":[{"start":{"line":110,"column":17},"end":{"line":110,"column":43}},{"start":{"line":110,"column":43},"end":{"line":110,"column":null}}],"line":110},"9":{"loc":{"start":{"line":110,"column":17},"end":{"line":110,"column":43}},"type":"binary-expr","locations":[{"start":{"line":110,"column":17},"end":{"line":110,"column":37}},{"start":{"line":110,"column":37},"end":{"line":110,"column":43}}],"line":110},"10":{"loc":{"start":{"line":115,"column":4},"end":{"line":118,"column":null}},"type":"if","locations":[{"start":{"line":115,"column":4},"end":{"line":118,"column":null}},{"start":{},"end":{}}],"line":115},"11":{"loc":{"start":{"line":128,"column":2},"end":{"line":134,"column":null}},"type":"if","locations":[{"start":{"line":128,"column":2},"end":{"line":134,"column":null}},{"start":{},"end":{}}],"line":128},"12":{"loc":{"start":{"line":137,"column":2},"end":{"line":143,"column":null}},"type":"if","locations":[{"start":{"line":137,"column":2},"end":{"line":143,"column":null}},{"start":{},"end":{}}],"line":137},"13":{"loc":{"start":{"line":157,"column":14},"end":{"line":161,"column":null}},"type":"if","locations":[{"start":{"line":157,"column":14},"end":{"line":161,"column":null}},{"start":{"line":159,"column":21},"end":{"line":161,"column":null}}],"line":157},"14":{"loc":{"start":{"line":182,"column":9},"end":{"line":183,"column":null}},"type":"binary-expr","locations":[{"start":{"line":182,"column":9},"end":{"line":182,"column":null}},{"start":{"line":183,"column":10},"end":{"line":183,"column":null}}],"line":182},"15":{"loc":{"start":{"line":223,"column":7},"end":{"line":244,"column":null}},"type":"cond-expr","locations":[{"start":{"line":224,"column":8},"end":{"line":228,"column":null}},{"start":{"line":231,"column":8},"end":{"line":244,"column":null}}],"line":223},"16":{"loc":{"start":{"line":223,"column":7},"end":{"line":223,"column":null}},"type":"binary-expr","locations":[{"start":{"line":223,"column":7},"end":{"line":223,"column":19}},{"start":{"line":223,"column":19},"end":{"line":223,"column":null}}],"line":223},"17":{"loc":{"start":{"line":225,"column":11},"end":{"line":227,"column":null}},"type":"cond-expr","locations":[{"start":{"line":226,"column":14},"end":{"line":226,"column":null}},{"start":{"line":227,"column":14},"end":{"line":227,"column":null}}],"line":225},"18":{"loc":{"start":{"line":253,"column":7},"end":{"line":260,"column":null}},"type":"binary-expr","locations":[{"start":{"line":253,"column":7},"end":{"line":253,"column":null}},{"start":{"line":254,"column":8},"end":{"line":260,"column":null}}],"line":253},"19":{"loc":{"start":{"line":385,"column":34},"end":{"line":385,"column":69}},"type":"cond-expr","locations":[{"start":{"line":385,"column":50},"end":{"line":385,"column":62}},{"start":{"line":385,"column":62},"end":{"line":385,"column":69}}],"line":385},"20":{"loc":{"start":{"line":386,"column":28},"end":{"line":386,"column":64}},"type":"cond-expr","locations":[{"start":{"line":386,"column":44},"end":{"line":386,"column":56}},{"start":{"line":386,"column":56},"end":{"line":386,"column":64}}],"line":386},"21":{"loc":{"start":{"line":387,"column":23},"end":{"line":387,"column":56}},"type":"cond-expr","locations":[{"start":{"line":387,"column":39},"end":{"line":387,"column":49}},{"start":{"line":387,"column":49},"end":{"line":387,"column":56}}],"line":387},"22":{"loc":{"start":{"line":395,"column":30},"end":{"line":395,"column":68}},"type":"cond-expr","locations":[{"start":{"line":395,"column":46},"end":{"line":395,"column":58}},{"start":{"line":395,"column":58},"end":{"line":395,"column":68}}],"line":395}},"s":{"0":1,"1":1,"2":16,"3":62,"4":1,"5":16,"6":16,"7":16,"8":16,"9":16,"10":16,"11":16,"12":16,"13":16,"14":8,"15":2,"16":6,"17":16,"18":2,"19":2,"20":2,"21":2,"22":2,"23":0,"24":2,"25":16,"26":0,"27":0,"28":16,"29":0,"30":0,"31":0,"32":0,"33":0,"34":16,"35":0,"36":0,"37":0,"38":0,"39":0,"40":0,"41":16,"42":8,"43":8,"44":16,"45":0,"46":0,"47":0,"48":0,"49":16,"50":0,"51":16,"52":8,"53":8,"54":0,"55":8,"56":1,"57":1,"58":1,"59":1,"60":0,"61":1,"62":1,"63":2,"64":0,"65":0,"66":0,"67":0,"68":0,"69":15,"70":0,"71":1,"72":1,"73":1,"74":1,"75":1,"76":1,"77":1,"78":1,"79":40,"80":40,"81":40,"82":40,"83":1,"84":1,"85":1,"86":1,"87":1,"88":1,"89":1},"f":{"0":16,"1":62,"2":16,"3":8,"4":2,"5":2,"6":0,"7":0,"8":0,"9":0,"10":0,"11":8,"12":0,"13":0,"14":1,"15":1,"16":2,"17":0,"18":0,"19":0,"20":0,"21":0,"22":15,"23":0,"24":40,"25":40,"26":40,"27":40},"b":{"0":[16,15],"1":[16,16],"2":[16,13],"3":[2,6],"4":[0,6],"5":[2,0],"6":[0,0],"7":[0,0],"8":[0,8],"9":[0,0],"10":[0,0],"11":[8,8],"12":[0,8],"13":[0,1],"14":[8,3],"15":[0,8],"16":[16,8],"17":[0,0],"18":[16,0],"19":[8,32],"20":[8,32],"21":[8,32],"22":[8,32]},"meta":{"lastBranch":23,"lastFunction":28,"lastStatement":90,"seen":{"s:17:21:22:Infinity":0,"s:25:24:26:Infinity":1,"f:25:24:25:25":0,"s:26:2:26:Infinity":2,"b:26:2:26:43:26:43:26:Infinity":0,"f:26:20:26:21":1,"s:26:27:26:38":3,"s:28:20:264:Infinity":4,"f:28:20:28:26":2,"s:30:8:30:Infinity":5,"s:31:38:31:Infinity":6,"s:32:19:32:Infinity":7,"b:32:19:32:51:32:51:32:Infinity":1,"s:34:28:34:Infinity":8,"b:34:28:34:53:34:53:34:Infinity":2,"s:35:17:35:Infinity":9,"s:36:21:36:Infinity":10,"s:37:32:37:Infinity":11,"s:39:36:39:Infinity":12,"s:46:2:56:Infinity":13,"f:48:13:48:19":3,"b:49:6:51:Infinity:undefined:undefined:undefined:undefined":3,"s:49:6:51:Infinity":14,"s:50:8:50:Infinity":15,"s:52:6:54:Infinity":16,"b:52:13:53:Infinity:53:47:54:Infinity":4,"s:59:23:70:Infinity":17,"f:59:23:59:29":4,"s:60:4:69:Infinity":18,"f:60:20:60:21":5,"s:61:19:61:Infinity":19,"s:62:22:62:Infinity":20,"b:63:6:67:Infinity:65:13:67:Infinity":5,"s:63:6:67:Infinity":21,"s:64:8:64:Infinity":22,"s:66:8:66:Infinity":23,"s:68:6:68:Infinity":24,"s:73:31:77:Infinity":25,"f:73:31:73:32":6,"b:74:4:76:Infinity:undefined:undefined:undefined:undefined":6,"s:74:4:76:Infinity":26,"s:75:6:75:Infinity":27,"s:80:28:87:Infinity":28,"f:80:28:80:34":7,"s:81:4:81:Infinity":29,"s:82:4:86:Infinity":30,"f:82:20:82:21":8,"s:83:19:83:Infinity":31,"s:84:6:84:Infinity":32,"s:85:6:85:Infinity":33,"s:90:31:100:Infinity":34,"f:90:31:90:32":9,"s:91:4:99:Infinity":35,"f:91:20:91:21":10,"s:92:19:92:Infinity":36,"b:93:6:97:Infinity:95:13:97:Infinity":7,"s:93:6:97:Infinity":37,"s:94:8:94:Infinity":38,"s:96:8:96:Infinity":39,"s:98:6:98:Infinity":40,"s:103:26:111:Infinity":41,"f:103:26:103:27":11,"s:104:48:109:Infinity":42,"s:110:4:110:Infinity":43,"b:110:17:110:43:110:43:110:Infinity":8,"b:110:17:110:37:110:37:110:43":9,"s:114:27:120:Infinity":44,"f:114:27:114:33":12,"b:115:4:118:Infinity:undefined:undefined:undefined:undefined":10,"s:115:4:118:Infinity":45,"s:116:6:116:Infinity":46,"s:117:6:117:Infinity":47,"s:119:4:119:Infinity":48,"s:123:29:125:Infinity":49,"f:123:29:123:35":13,"s:124:4:124:Infinity":50,"b:128:2:134:Infinity:undefined:undefined:undefined:undefined":11,"s:128:2:134:Infinity":51,"s:129:4:132:Infinity":52,"b:137:2:143:Infinity:undefined:undefined:undefined:undefined":12,"s:137:2:143:Infinity":53,"s:138:4:141:Infinity":54,"s:145:2:262:Infinity":55,"f:152:20:152:21":14,"s:153:24:153:Infinity":56,"s:154:12:163:Infinity":57,"f:154:28:154:29":15,"s:155:27:155:Infinity":58,"b:157:14:161:Infinity:159:21:161:Infinity":13,"s:157:14:161:Infinity":59,"s:158:16:158:Infinity":60,"s:160:16:160:Infinity":61,"s:162:14:162:Infinity":62,"f:179:20:179:21":16,"s:179:27:179:Infinity":63,"b:182:9:182:Infinity:183:10:183:Infinity":14,"f:192:19:192:25":17,"s:192:25:192:Infinity":64,"f:198:19:198:25":18,"s:198:25:198:Infinity":65,"f:204:19:204:25":19,"s:204:25:204:Infinity":66,"f:210:19:210:25":20,"s:210:25:210:Infinity":67,"f:216:19:216:25":21,"s:216:25:216:Infinity":68,"b:224:8:228:Infinity:231:8:244:Infinity":15,"b:223:7:223:19:223:19:223:Infinity":16,"b:226:14:226:Infinity:227:14:227:Infinity":17,"f:232:23:232:24":22,"s:233:12:242:Infinity":69,"b:253:7:253:Infinity:254:8:260:Infinity":18,"f:258:19:258:25":23,"s:258:25:258:Infinity":70,"s:267:24:267:Infinity":71,"s:276:20:276:Infinity":72,"s:296:20:296:Infinity":73,"s:317:21:317:Infinity":74,"s:340:23:340:Infinity":75,"s:347:19:347:Infinity":76,"s:375:24:375:Infinity":77,"s:383:21:395:Infinity":78,"f:385:22:385:23":24,"s:385:34:385:69":79,"b:385:50:385:62:385:62:385:69":19,"f:386:16:386:17":25,"s:386:28:386:64":80,"b:386:44:386:56:386:56:386:64":20,"f:387:11:387:12":26,"s:387:23:387:56":81,"b:387:39:387:49:387:49:387:56":21,"f:395:18:395:19":27,"s:395:30:395:68":82,"b:395:46:395:58:395:58:395:68":22,"s:399:22:399:Infinity":83,"s:405:18:405:Infinity":84,"s:411:19:411:Infinity":85,"s:417:23:417:Infinity":86,"s:424:21:424:Infinity":87,"s:431:18:431:Infinity":88,"s:439:20:439:Infinity":89}}}
,"C:\\Users\\귀영\\Desktop\\ReactProject\\LogOfReview\\src\\store\\userStore.ts": {"path":"C:\\Users\\귀영\\Desktop\\ReactProject\\LogOfReview\\src\\store\\userStore.ts","statementMap":{"0":{"start":{"line":14,"column":13},"end":{"line":44,"column":null}},"1":{"start":{"line":16,"column":14},"end":{"line":39,"column":null}},"2":{"start":{"line":24,"column":8},"end":{"line":28,"column":null}},"3":{"start":{"line":33,"column":8},"end":{"line":37,"column":null}}},"fnMap":{"0":{"name":"(anonymous_0)","decl":{"start":{"line":16,"column":4},"end":{"line":16,"column":5}},"loc":{"start":{"line":16,"column":14},"end":{"line":39,"column":null}},"line":16},"1":{"name":"(anonymous_1)","decl":{"start":{"line":23,"column":13},"end":{"line":23,"column":14}},"loc":{"start":{"line":23,"column":30},"end":{"line":29,"column":null}},"line":23},"2":{"name":"(anonymous_2)","decl":{"start":{"line":32,"column":14},"end":{"line":32,"column":20}},"loc":{"start":{"line":32,"column":20},"end":{"line":38,"column":null}},"line":32}},"branchMap":{},"s":{"0":3,"1":3,"2":2,"3":1},"f":{"0":3,"1":2,"2":1},"b":{},"meta":{"lastBranch":0,"lastFunction":3,"lastStatement":4,"seen":{"s:14:13:44:Infinity":0,"f:16:4:16:5":0,"s:16:14:39:Infinity":1,"f:23:13:23:14":1,"s:24:8:28:Infinity":2,"f:32:14:32:20":2,"s:33:8:37:Infinity":3}}}
,"C:\\Users\\귀영\\Desktop\\ReactProject\\LogOfReview\\src\\test\\mocks\\handlers.ts": {"path":"C:\\Users\\귀영\\Desktop\\ReactProject\\LogOfReview\\src\\test\\mocks\\handlers.ts","statementMap":{"0":{"start":{"line":7,"column":30},"end":{"line":20,"column":null}},"1":{"start":{"line":22,"column":32},"end":{"line":31,"column":null}},"2":{"start":{"line":33,"column":26},"end":{"line":40,"column":null}},"3":{"start":{"line":43,"column":24},"end":{"line":62,"column":null}},"4":{"start":{"line":46,"column":4},"end":{"line":46,"column":null}},"5":{"start":{"line":49,"column":15},"end":{"line":49,"column":null}},"6":{"start":{"line":50,"column":19},"end":{"line":50,"column":null}},"7":{"start":{"line":50,"column":43},"end":{"line":50,"column":54}},"8":{"start":{"line":51,"column":4},"end":{"line":51,"column":null}},"9":{"start":{"line":51,"column":17},"end":{"line":51,"column":null}},"10":{"start":{"line":52,"column":4},"end":{"line":52,"column":null}},"11":{"start":{"line":55,"column":4},"end":{"line":55,"column":null}},"12":{"start":{"line":57,"column":48},"end":{"line":57,"column":76}},"13":{"start":{"line":60,"column":34},"end":{"line":60,"column":64}},"14":{"start":{"line":61,"column":35},"end":{"line":61,"column":66}}},"fnMap":{"0":{"name":"(anonymous_0)","decl":{"start":{"line":45,"column":44},"end":{"line":45,"column":null}},"loc":{"start":{"line":46,"column":4},"end":{"line":46,"column":null}},"line":46},"1":{"name":"(anonymous_1)","decl":{"start":{"line":48,"column":48},"end":{"line":48,"column":49}},"loc":{"start":{"line":48,"column":64},"end":{"line":53,"column":3}},"line":48},"2":{"name":"(anonymous_2)","decl":{"start":{"line":50,"column":36},"end":{"line":50,"column":37}},"loc":{"start":{"line":50,"column":43},"end":{"line":50,"column":54}},"line":50},"3":{"name":"(anonymous_3)","decl":{"start":{"line":54,"column":45},"end":{"line":54,"column":null}},"loc":{"start":{"line":55,"column":4},"end":{"line":55,"column":null}},"line":55},"4":{"name":"(anonymous_4)","decl":{"start":{"line":57,"column":42},"end":{"line":57,"column":48}},"loc":{"start":{"line":57,"column":48},"end":{"line":57,"column":76}},"line":57},"5":{"name":"(anonymous_5)","decl":{"start":{"line":60,"column":28},"end":{"line":60,"column":34}},"loc":{"start":{"line":60,"column":34},"end":{"line":60,"column":64}},"line":60},"6":{"name":"(anonymous_6)","decl":{"start":{"line":61,"column":29},"end":{"line":61,"column":35}},"loc":{"start":{"line":61,"column":35},"end":{"line":61,"column":66}},"line":61}},"branchMap":{"0":{"loc":{"start":{"line":51,"column":4},"end":{"line":51,"column":null}},"type":"if","locations":[{"start":{"line":51,"column":4},"end":{"line":51,"column":null}},{"start":{},"end":{}}],"line":51}},"s":{"0":4,"1":4,"2":4,"3":4,"4":0,"5":0,"6":0,"7":0,"8":0,"9":0,"10":0,"11":0,"12":0,"13":0,"14":0},"f":{"0":0,"1":0,"2":0,"3":0,"4":0,"5":0,"6":0},"b":{"0":[0,0]},"meta":{"lastBranch":1,"lastFunction":7,"lastStatement":15,"seen":{"s:7:30:20:Infinity":0,"s:22:32:31:Infinity":1,"s:33:26:40:Infinity":2,"s:43:24:62:Infinity":3,"f:45:44:45:Infinity":0,"s:46:4:46:Infinity":4,"f:48:48:48:49":1,"s:49:15:49:Infinity":5,"s:50:19:50:Infinity":6,"f:50:36:50:37":2,"s:50:43:50:54":7,"b:51:4:51:Infinity:undefined:undefined:undefined:undefined":0,"s:51:4:51:Infinity":8,"s:51:17:51:Infinity":9,"s:52:4:52:Infinity":10,"f:54:45:54:Infinity":3,"s:55:4:55:Infinity":11,"f:57:42:57:48":4,"s:57:48:57:76":12,"f:60:28:60:34":5,"s:60:34:60:64":13,"f:61:29:61:35":6,"s:61:35:61:66":14}}}
,"C:\\Users\\귀영\\Desktop\\ReactProject\\LogOfReview\\src\\test\\mocks\\server.ts": {"path":"C:\\Users\\귀영\\Desktop\\ReactProject\\LogOfReview\\src\\test\\mocks\\server.ts","statementMap":{"0":{"start":{"line":5,"column":13},"end":{"line":5,"column":null}}},"fnMap":{},"branchMap":{},"s":{"0":4},"f":{},"b":{},"meta":{"lastBranch":0,"lastFunction":0,"lastStatement":1,"seen":{"s:5:13:5:Infinity":0}}}
}
